Вызывается функция <function highprice at 0x0000022650675E50>	Позиционные аргументы(<telebot.types.Message object at 0x0000022650681EE0>,)	Именованные аргументы
функция highprice завершилась успешно
Вызывается функция <function city at 0x0000022650675820>	Позиционные аргументы('Ижевск',)	Именованные аргументы
функция city завершилась успешно
Вызывается функция <function get_city at 0x00000226506531F0>	Позиционные аргументы(<telebot.types.Message object at 0x0000022650681E20>,)	Именованные аргументы
функция get_city завершилась успешно
Вызывается функция <function get_count_hotel at 0x0000022650653550>	Позиционные аргументы(<telebot.types.Message object at 0x0000022650681D00>,)	Именованные аргументы
функция get_count_hotel завершилась успешно
Вызывается функция <function get_date_in at 0x0000022650653670>	Позиционные аргументы(<telebot.types.Message object at 0x0000022650295070>,)	Именованные аргументы
функция get_date_in завершилась успешно
Вызывается функция <function get_date_out at 0x0000022650653790>	Позиционные аргументы(<telebot.types.Message object at 0x0000022650681E20>,)	Именованные аргументы
функция get_date_out завершилась успешно
Вызывается функция <function add_history at 0x0000022650675940>	Позиционные аргументы()	Именованные аргументы
функция add_history завершилась успешно
Вызывается функция <function hotel_id at 0x0000022650291CA0>	Позиционные аргументы(<utils.Users object at 0x0000022650681D60>,)	Именованные аргументы
функция hotel_id завершилась успешно
Вызывается функция <function hotels_photo at 0x0000022650675670>	Позиционные аргументы(<utils.Users object at 0x0000022650681D60>, 'Отель «Панорама»', 'ул. Милиционная, 5', '31,050 RUB', '7,1 км', 1573407808, 'https://ru.hotels.com/ho1573407808/?q-check-in=15-02-2022&q-check-out=20-02-2022&q-rooms=1&q-room-0-adults=1&q-room-0-children=0')	Именованные аргументы
функция hotels_photo завершилась успешно
Вызывается функция <function hotels_photo at 0x0000022650675670>	Позиционные аргументы(<utils.Users object at 0x0000022650681D60>, 'Этнокомплекс «Бобровая долина»', 'ул.\xa0Свердлова, 4', '21,600 RUB', '8,1 км', 885860480, 'https://ru.hotels.com/ho885860480/?q-check-in=15-02-2022&q-check-out=20-02-2022&q-rooms=1&q-room-0-adults=1&q-room-0-children=0')	Именованные аргументы
функция hotels_photo завершилась успешно
Вызывается функция <function hotels_list at 0x0000022650675430>	Позиционные аргументы(<utils.Users object at 0x0000022650681D60>,)	Именованные аргументы
функция hotels_list завершилась успешно
Вызывается функция <function add_answer at 0x0000022650291EE0>	Позиционные аргументы(56, 1573407808, 2, 'Отель «Панорама»', '31,050 RUB', '7,1 км', 'ул. Милиционная, 5', 'https://ru.hotels.com/ho1573407808/?q-check-in=15-02-2022&q-check-out=20-02-2022&q-rooms=1&q-room-0-adults=1&q-room-0-children=0', 0, '')	Именованные аргументы
функция add_answer завершилась успешно
Вызывается функция <function add_answer at 0x0000022650291EE0>	Позиционные аргументы(56, 885860480, 2, 'Этнокомплекс «Бобровая долина»', '21,600 RUB', '8,1 км', 'ул.\xa0Свердлова, 4', 'https://ru.hotels.com/ho885860480/?q-check-in=15-02-2022&q-check-out=20-02-2022&q-rooms=1&q-room-0-adults=1&q-room-0-children=0', 0, '')	Именованные аргументы
функция add_answer завершилась успешно
Вызывается функция <function get_answer at 0x0000022650653AF0>	Позиционные аргументы(<utils.Users object at 0x0000022650681D60>,)	Именованные аргументы
функция get_answer завершилась успешно
Вызывается функция <function get_answer_photo at 0x00000226506538B0>	Позиционные аргументы(<telebot.types.Message object at 0x0000022650681BE0>,)	Именованные аргументы
функция get_answer_photo завершилась успешно
Вызывается функция <function highprice at 0x0000026B5E4E01F0>	Позиционные аргументы(<telebot.types.Message object at 0x0000026B5E507FD0>,)	Именованные аргументы
Вызывается функция <function highprice at 0x00000246B97D01F0>	Позиционные аргументы(<telebot.types.Message object at 0x00000246B97EC520>,)	Именованные аргументы
Вызывается функция <function highprice at 0x000001E69FF1C1F0>	Позиционные аргументы(<telebot.types.Message object at 0x000001E69FF2C340>,)	Именованные аргументы
функция highprice завершилась успешно
Вызывается функция <function city at 0x000001E69FF28B80>	Позиционные аргументы('Ижевск',)	Именованные аргументы
функция city завершилась успешно
Вызывается функция <function get_city at 0x000001E69FF1C550>	Позиционные аргументы(<telebot.types.Message object at 0x000001E69FF37C40>,)	Именованные аргументы
функция get_city завершилась успешно
Вызывается функция <function get_count_hotel at 0x000001E69FF1C8B0>	Позиционные аргументы(<telebot.types.Message object at 0x000001E69FF37C70>,)	Именованные аргументы
функция get_count_hotel завершилась успешно
Вызывается функция <function get_date_in at 0x000001E69FF1C9D0>	Позиционные аргументы(<telebot.types.Message object at 0x000001E69FF37BB0>,)	Именованные аргументы
функция get_date_in завершилась успешно
Вызывается функция <function get_date_out at 0x000001E69FF1CAF0>	Позиционные аргументы(<telebot.types.Message object at 0x000001E69FF37C70>,)	Именованные аргументы
функция get_date_out завершилась успешно
Вызывается функция <function add_history at 0x000001E69FF28CA0>	Позиционные аргументы()	Именованные аргументы
Вызывается функция <function get_answer at 0x000001E69FF1CE50>	Позиционные аргументы(<utils.Users object at 0x000001E69FF37CA0>,)	Именованные аргументы
Вызывается функция <function get_answer_photo at 0x000001E69FF1CC10>	Позиционные аргументы(<telebot.types.Message object at 0x000001E69FF37640>,)	Именованные аргументы
Вызывается функция <function highprice at 0x000001B2D26E11F0>	Позиционные аргументы(<telebot.types.Message object at 0x000001B2D26EC340>,)	Именованные аргументы
функция highprice завершилась успешно
Вызывается функция <function city at 0x000001B2D26E9B80>	Позиционные аргументы('Ижевск',)	Именованные аргументы
функция city завершилась успешно
Вызывается функция <function get_city at 0x000001B2D26E1550>	Позиционные аргументы(<telebot.types.Message object at 0x000001B2D26F7C40>,)	Именованные аргументы
функция get_city завершилась успешно
Вызывается функция <function get_count_hotel at 0x000001B2D26E18B0>	Позиционные аргументы(<telebot.types.Message object at 0x000001B2D26F7C70>,)	Именованные аргументы
функция get_count_hotel завершилась успешно
Вызывается функция <function get_date_in at 0x000001B2D26E19D0>	Позиционные аргументы(<telebot.types.Message object at 0x000001B2D26F7BB0>,)	Именованные аргументы
функция get_date_in завершилась успешно
Вызывается функция <function get_date_out at 0x000001B2D26E1AF0>	Позиционные аргументы(<telebot.types.Message object at 0x000001B2D22EB880>,)	Именованные аргументы
функция get_date_out завершилась успешно
Вызывается функция <function add_history at 0x000001B2D26E9CA0>	Позиционные аргументы()	Именованные аргументы
функция add_history завершилась успешно
Вызывается функция <function hotel_id at 0x000001B2D2314040>	Позиционные аргументы(<utils.Users object at 0x000001B2D26F7CA0>,)	Именованные аргументы
функция hotel_id завершилась успешно
Вызывается функция <function hotels_photo at 0x000001B2D26E99D0>	Позиционные аргументы(<utils.Users object at 0x000001B2D26F7CA0>, 'Cosmos Izhevsk Hotel ', 'ул. Бородина, 25', '4,890 RUB', '6,7 км', 278478, 'https://ru.hotels.com/ho278478/?q-check-in=15-02-2022&q-check-out=16-02-2022&q-rooms=1&q-room-0-adults=1&q-room-0-children=0')	Именованные аргументы
функция hotels_photo завершилась успешно
Вызывается функция <function hotels_photo at 0x000001B2D26E99D0>	Позиционные аргументы(<utils.Users object at 0x000001B2D26F7CA0>, 'Этнокомплекс «Бобровая долина»', 'ул.\xa0Свердлова, 4', '4,320 RUB', '8,1 км', 885860480, 'https://ru.hotels.com/ho885860480/?q-check-in=15-02-2022&q-check-out=16-02-2022&q-rooms=1&q-room-0-adults=1&q-room-0-children=0')	Именованные аргументы
функция hotels_photo завершилась успешно
Вызывается функция <function hotels_list at 0x000001B2D26E9790>	Позиционные аргументы(<utils.Users object at 0x000001B2D26F7CA0>,)	Именованные аргументы
функция hotels_list завершилась успешно
Вызывается функция <function add_answer at 0x000001B2D23141F0>	Позиционные аргументы(57, 278478, 2, 'Cosmos Izhevsk Hotel ', '4,890 RUB', '6,7 км', 'ул. Бородина, 25', 'https://ru.hotels.com/ho278478/?q-check-in=15-02-2022&q-check-out=16-02-2022&q-rooms=1&q-room-0-adults=1&q-room-0-children=0', 0, '')	Именованные аргументы
функция add_answer завершилась успешно
Вызывается функция <function add_answer at 0x000001B2D23141F0>	Позиционные аргументы(57, 885860480, 2, 'Этнокомплекс «Бобровая долина»', '4,320 RUB', '8,1 км', 'ул.\xa0Свердлова, 4', 'https://ru.hotels.com/ho885860480/?q-check-in=15-02-2022&q-check-out=16-02-2022&q-rooms=1&q-room-0-adults=1&q-room-0-children=0', 0, '')	Именованные аргументы
функция add_answer завершилась успешно
Вызывается функция <function get_answer at 0x000001B2D26E1E50>	Позиционные аргументы(<utils.Users object at 0x000001B2D26F7CA0>,)	Именованные аргументы
функция get_answer завершилась успешно
Вызывается функция <function get_answer_photo at 0x000001B2D26E1C10>	Позиционные аргументы(<telebot.types.Message object at 0x000001B2D26F7C40>,)	Именованные аргументы
функция get_answer_photo завершилась успешно
Вызывается функция <function add_history at 0x000001B2D26E9CA0>	Позиционные аргументы()	Именованные аргументы
Вызывается функция <function history at 0x000001B2D26E1430>	Позиционные аргументы(<telebot.types.Message object at 0x000001B2D26F7BB0>,)	Именованные аргументы
Вызывается функция <function add_history at 0x00000225D1E39CA0>	Позиционные аргументы()	Именованные аргументы
функция add_history завершилась успешно
Вызывается функция <function read at 0x00000225D1E39EE0>	Позиционные аргументы()	Именованные аргументы
Вызывается функция <function history at 0x00000225D1E2C430>	Позиционные аргументы(<telebot.types.Message object at 0x00000225D1E3C3D0>,)	Именованные аргументы
Вызывается функция <function add_history at 0x0000014036558CA0>	Позиционные аргументы()	Именованные аргументы
функция add_history завершилась успешно
Вызывается функция <function read_hotel at 0x000001403653A040>	Позиционные аргументы(1,)	Именованные аргументы
функция read_hotel завершилась успешно
Вызывается функция <function read_hotel at 0x000001403653A040>	Позиционные аргументы(2,)	Именованные аргументы
функция read_hotel завершилась успешно
Вызывается функция <function read_hotel at 0x000001403653A040>	Позиционные аргументы(3,)	Именованные аргументы
функция read_hotel завершилась успешно
Вызывается функция <function read_hotel at 0x000001403653A040>	Позиционные аргументы(4,)	Именованные аргументы
функция read_hotel завершилась успешно
Вызывается функция <function read_hotel at 0x000001403653A040>	Позиционные аргументы(5,)	Именованные аргументы
функция read_hotel завершилась успешно
Вызывается функция <function read_hotel at 0x000001403653A040>	Позиционные аргументы(6,)	Именованные аргументы
функция read_hotel завершилась успешно
Вызывается функция <function read_hotel at 0x000001403653A040>	Позиционные аргументы(7,)	Именованные аргументы
функция read_hotel завершилась успешно
Вызывается функция <function read_hotel at 0x000001403653A040>	Позиционные аргументы(8,)	Именованные аргументы
функция read_hotel завершилась успешно
Вызывается функция <function read_hotel at 0x000001403653A040>	Позиционные аргументы(9,)	Именованные аргументы
функция read_hotel завершилась успешно
Вызывается функция <function read_hotel at 0x000001403653A040>	Позиционные аргументы(10,)	Именованные аргументы
функция read_hotel завершилась успешно
Вызывается функция <function read_hotel at 0x000001403653A040>	Позиционные аргументы(11,)	Именованные аргументы
функция read_hotel завершилась успешно
Вызывается функция <function read_hotel at 0x000001403653A040>	Позиционные аргументы(12,)	Именованные аргументы
функция read_hotel завершилась успешно
Вызывается функция <function read_hotel at 0x000001403653A040>	Позиционные аргументы(13,)	Именованные аргументы
функция read_hotel завершилась успешно
Вызывается функция <function read_hotel at 0x000001403653A040>	Позиционные аргументы(14,)	Именованные аргументы
функция read_hotel завершилась успешно
Вызывается функция <function read_hotel at 0x000001403653A040>	Позиционные аргументы(15,)	Именованные аргументы
функция read_hotel завершилась успешно
Вызывается функция <function read_hotel at 0x000001403653A040>	Позиционные аргументы(16,)	Именованные аргументы
функция read_hotel завершилась успешно
Вызывается функция <function read_hotel at 0x000001403653A040>	Позиционные аргументы(17,)	Именованные аргументы
функция read_hotel завершилась успешно
Вызывается функция <function read_hotel at 0x000001403653A040>	Позиционные аргументы(18,)	Именованные аргументы
функция read_hotel завершилась успешно
Вызывается функция <function read_hotel at 0x000001403653A040>	Позиционные аргументы(19,)	Именованные аргументы
функция read_hotel завершилась успешно
Вызывается функция <function read_hotel at 0x000001403653A040>	Позиционные аргументы(20,)	Именованные аргументы
функция read_hotel завершилась успешно
Вызывается функция <function read_hotel at 0x000001403653A040>	Позиционные аргументы(21,)	Именованные аргументы
функция read_hotel завершилась успешно
Вызывается функция <function read_hotel at 0x000001403653A040>	Позиционные аргументы(22,)	Именованные аргументы
функция read_hotel завершилась успешно
Вызывается функция <function read_hotel at 0x000001403653A040>	Позиционные аргументы(23,)	Именованные аргументы
функция read_hotel завершилась успешно
Вызывается функция <function read_hotel at 0x000001403653A040>	Позиционные аргументы(24,)	Именованные аргументы
функция read_hotel завершилась успешно
Вызывается функция <function read_hotel at 0x000001403653A040>	Позиционные аргументы(25,)	Именованные аргументы
функция read_hotel завершилась успешно
Вызывается функция <function read_hotel at 0x000001403653A040>	Позиционные аргументы(26,)	Именованные аргументы
функция read_hotel завершилась успешно
Вызывается функция <function read_hotel at 0x000001403653A040>	Позиционные аргументы(27,)	Именованные аргументы
функция read_hotel завершилась успешно
Вызывается функция <function read_hotel at 0x000001403653A040>	Позиционные аргументы(28,)	Именованные аргументы
функция read_hotel завершилась успешно
Вызывается функция <function read_hotel at 0x000001403653A040>	Позиционные аргументы(29,)	Именованные аргументы
функция read_hotel завершилась успешно
Вызывается функция <function read_hotel at 0x000001403653A040>	Позиционные аргументы(30,)	Именованные аргументы
функция read_hotel завершилась успешно
Вызывается функция <function read_hotel at 0x000001403653A040>	Позиционные аргументы(31,)	Именованные аргументы
функция read_hotel завершилась успешно
Вызывается функция <function read_hotel at 0x000001403653A040>	Позиционные аргументы(32,)	Именованные аргументы
функция read_hotel завершилась успешно
Вызывается функция <function read_hotel at 0x000001403653A040>	Позиционные аргументы(33,)	Именованные аргументы
функция read_hotel завершилась успешно
Вызывается функция <function read_hotel at 0x000001403653A040>	Позиционные аргументы(34,)	Именованные аргументы
функция read_hotel завершилась успешно
Вызывается функция <function read_hotel at 0x000001403653A040>	Позиционные аргументы(35,)	Именованные аргументы
функция read_hotel завершилась успешно
Вызывается функция <function read_hotel at 0x000001403653A040>	Позиционные аргументы(36,)	Именованные аргументы
функция read_hotel завершилась успешно
Вызывается функция <function read_hotel at 0x000001403653A040>	Позиционные аргументы(37,)	Именованные аргументы
функция read_hotel завершилась успешно
Вызывается функция <function read_hotel at 0x000001403653A040>	Позиционные аргументы(38,)	Именованные аргументы
функция read_hotel завершилась успешно
Вызывается функция <function read_hotel at 0x000001403653A040>	Позиционные аргументы(39,)	Именованные аргументы
функция read_hotel завершилась успешно
Вызывается функция <function read_hotel at 0x000001403653A040>	Позиционные аргументы(40,)	Именованные аргументы
функция read_hotel завершилась успешно
Вызывается функция <function read_hotel at 0x000001403653A040>	Позиционные аргументы(41,)	Именованные аргументы
функция read_hotel завершилась успешно
Вызывается функция <function read_hotel at 0x000001403653A040>	Позиционные аргументы(42,)	Именованные аргументы
функция read_hotel завершилась успешно
Вызывается функция <function read_hotel at 0x000001403653A040>	Позиционные аргументы(43,)	Именованные аргументы
функция read_hotel завершилась успешно
Вызывается функция <function read_hotel at 0x000001403653A040>	Позиционные аргументы(44,)	Именованные аргументы
функция read_hotel завершилась успешно
Вызывается функция <function read_hotel at 0x000001403653A040>	Позиционные аргументы(45,)	Именованные аргументы
функция read_hotel завершилась успешно
Вызывается функция <function read_hotel at 0x000001403653A040>	Позиционные аргументы(46,)	Именованные аргументы
функция read_hotel завершилась успешно
Вызывается функция <function read_hotel at 0x000001403653A040>	Позиционные аргументы(47,)	Именованные аргументы
функция read_hotel завершилась успешно
Вызывается функция <function read_hotel at 0x000001403653A040>	Позиционные аргументы(48,)	Именованные аргументы
функция read_hotel завершилась успешно
Вызывается функция <function read_hotel at 0x000001403653A040>	Позиционные аргументы(49,)	Именованные аргументы
функция read_hotel завершилась успешно
Вызывается функция <function read_hotel at 0x000001403653A040>	Позиционные аргументы(50,)	Именованные аргументы
функция read_hotel завершилась успешно
Вызывается функция <function read_hotel at 0x000001403653A040>	Позиционные аргументы(51,)	Именованные аргументы
функция read_hotel завершилась успешно
Вызывается функция <function read_hotel at 0x000001403653A040>	Позиционные аргументы(52,)	Именованные аргументы
функция read_hotel завершилась успешно
Вызывается функция <function read_hotel at 0x000001403653A040>	Позиционные аргументы(53,)	Именованные аргументы
функция read_hotel завершилась успешно
Вызывается функция <function read_hotel at 0x000001403653A040>	Позиционные аргументы(54,)	Именованные аргументы
функция read_hotel завершилась успешно
Вызывается функция <function read_hotel at 0x000001403653A040>	Позиционные аргументы(55,)	Именованные аргументы
функция read_hotel завершилась успешно
Вызывается функция <function read_hotel at 0x000001403653A040>	Позиционные аргументы(56,)	Именованные аргументы
функция read_hotel завершилась успешно
Вызывается функция <function read_hotel at 0x000001403653A040>	Позиционные аргументы(57,)	Именованные аргументы
функция read_hotel завершилась успешно
Вызывается функция <function read_hotel at 0x000001403653A040>	Позиционные аргументы(58,)	Именованные аргументы
функция read_hotel завершилась успешно
Вызывается функция <function read_hotel at 0x000001403653A040>	Позиционные аргументы(59,)	Именованные аргументы
функция read_hotel завершилась успешно
Вызывается функция <function read at 0x0000014036558EE0>	Позиционные аргументы()	Именованные аргументы
функция read завершилась успешно
Вызывается функция <function history at 0x000001403653A430>	Позиционные аргументы(<telebot.types.Message object at 0x0000014036540340>,)	Именованные аргументы
функция history завершилась успешно
Вызывается функция <function lowprice at 0x0000014036159550>	Позиционные аргументы(<telebot.types.Message object at 0x0000014033C5E4C0>,)	Именованные аргументы
функция lowprice завершилась успешно
Вызывается функция <function city at 0x0000014036558B80>	Позиционные аргументы('Барнаул',)	Именованные аргументы
функция city завершилась успешно
Вызывается функция <function get_city at 0x000001403653A550>	Позиционные аргументы(<telebot.types.Message object at 0x0000014036531490>,)	Именованные аргументы
функция get_city завершилась успешно
Вызывается функция <function get_count_hotel at 0x000001403653A8B0>	Позиционные аргументы(<telebot.types.Message object at 0x0000014033C5EFA0>,)	Именованные аргументы
функция get_count_hotel завершилась успешно
Вызывается функция <function get_date_in at 0x000001403653A9D0>	Позиционные аргументы(<telebot.types.Message object at 0x0000014036D91DF0>,)	Именованные аргументы
функция get_date_in завершилась успешно
Вызывается функция <function get_date_out at 0x000001403653AAF0>	Позиционные аргументы(<telebot.types.Message object at 0x0000014036531D30>,)	Именованные аргументы
функция get_date_out завершилась успешно
Вызывается функция <function add_history at 0x0000014036558CA0>	Позиционные аргументы()	Именованные аргументы
функция add_history завершилась успешно
Вызывается функция <function hotel_id at 0x0000014036159DC0>	Позиционные аргументы(<utils.Users object at 0x0000014033C5E250>,)	Именованные аргументы
функция hotel_id завершилась успешно
Вызывается функция <function hotels_photo at 0x00000140365589D0>	Позиционные аргументы(<utils.Users object at 0x0000014033C5E250>, 'Хостел Sleep Box', 'ул. Привокзальная, 45', '3,150 RUB', '8,0 км', 1356383808, 'https://ru.hotels.com/ho1356383808/?q-check-in=15-02-2022&q-check-out=20-02-2022&q-rooms=1&q-room-0-adults=1&q-room-0-children=0')	Именованные аргументы
функция hotels_photo завершилась успешно
Вызывается функция <function hotels_photo at 0x00000140365589D0>	Позиционные аргументы(<utils.Users object at 0x0000014033C5E250>, 'Гостиница «Бизнес Турист»', 'ул. Цеховая, 29А, офис 201', '4,941 RUB', '8,2 км', 622377760, 'https://ru.hotels.com/ho622377760/?q-check-in=15-02-2022&q-check-out=20-02-2022&q-rooms=1&q-room-0-adults=1&q-room-0-children=0')	Именованные аргументы
функция hotels_photo завершилась успешно
Вызывается функция <function hotels_list at 0x0000014036558790>	Позиционные аргументы(<utils.Users object at 0x0000014033C5E250>,)	Именованные аргументы
функция hotels_list завершилась успешно
Вызывается функция <function add_answer at 0x000001403616B040>	Позиционные аргументы(60, 1356383808, 2, 'Хостел Sleep Box', '3,150 RUB', '8,0 км', 'ул. Привокзальная, 45', 'https://ru.hotels.com/ho1356383808/?q-check-in=15-02-2022&q-check-out=20-02-2022&q-rooms=1&q-room-0-adults=1&q-room-0-children=0', 0, '')	Именованные аргументы
функция add_answer завершилась успешно
Вызывается функция <function add_answer at 0x000001403616B040>	Позиционные аргументы(60, 622377760, 2, 'Гостиница «Бизнес Турист»', '4,941 RUB', '8,2 км', 'ул. Цеховая, 29А, офис 201', 'https://ru.hotels.com/ho622377760/?q-check-in=15-02-2022&q-check-out=20-02-2022&q-rooms=1&q-room-0-adults=1&q-room-0-children=0', 0, '')	Именованные аргументы
функция add_answer завершилась успешно
Вызывается функция <function get_answer at 0x000001403653AE50>	Позиционные аргументы(<utils.Users object at 0x0000014033C5E250>,)	Именованные аргументы
функция get_answer завершилась успешно
Вызывается функция <function get_answer_photo at 0x000001403653AC10>	Позиционные аргументы(<telebot.types.Message object at 0x0000014036D91DF0>,)	Именованные аргументы
функция get_answer_photo завершилась успешно
Вызывается функция <function highprice at 0x000001403653A1F0>	Позиционные аргументы(<telebot.types.Message object at 0x00000140365402E0>,)	Именованные аргументы
функция highprice завершилась успешно
Вызывается функция <function city at 0x0000014036558B80>	Позиционные аргументы('Бийск',)	Именованные аргументы
функция city завершилась успешно
Вызывается функция <function get_city at 0x000001403653A550>	Позиционные аргументы(<telebot.types.Message object at 0x0000014036531D60>,)	Именованные аргументы
функция get_city завершилась успешно
Вызывается функция <function get_count_hotel at 0x000001403653A8B0>	Позиционные аргументы(<telebot.types.Message object at 0x0000014036DF8B20>,)	Именованные аргументы
функция get_count_hotel завершилась успешно
Вызывается функция <function get_date_in at 0x000001403653A9D0>	Позиционные аргументы(<telebot.types.Message object at 0x00000140365400A0>,)	Именованные аргументы
функция get_date_in завершилась успешно
Вызывается функция <function get_date_out at 0x000001403653AAF0>	Позиционные аргументы(<telebot.types.Message object at 0x0000014036D91370>,)	Именованные аргументы
функция get_date_out завершилась успешно
Вызывается функция <function add_history at 0x0000014036558CA0>	Позиционные аргументы()	Именованные аргументы
функция add_history завершилась успешно
Вызывается функция <function hotel_id at 0x0000014036159DC0>	Позиционные аргументы(<utils.Users object at 0x0000014036DF8FA0>,)	Именованные аргументы
функция hotel_id завершилась успешно
Вызывается функция <function hotels_photo at 0x00000140365589D0>	Позиционные аргументы(<utils.Users object at 0x0000014036DF8FA0>, 'Бутик-отель «Прага»', 'Мопровский пер., 65', '3,150 RUB', '11 км', 739014944, 'https://ru.hotels.com/ho739014944/?q-check-in=15-02-2022&q-check-out=16-02-2022&q-rooms=1&q-room-0-adults=1&q-room-0-children=0')	Именованные аргументы
функция hotels_photo завершилась успешно
Вызывается функция <function hotels_photo at 0x00000140365589D0>	Позиционные аргументы(<utils.Users object at 0x0000014036DF8FA0>, 'Отель «Калифорния»', 'ул. Советская, 213/2', '2,500 RUB', '7,0 км', 1028893184, 'https://ru.hotels.com/ho1028893184/?q-check-in=15-02-2022&q-check-out=16-02-2022&q-rooms=1&q-room-0-adults=1&q-room-0-children=0')	Именованные аргументы
функция hotels_photo завершилась успешно
Вызывается функция <function hotels_list at 0x0000014036558790>	Позиционные аргументы(<utils.Users object at 0x0000014036DF8FA0>,)	Именованные аргументы
функция hotels_list завершилась успешно
Вызывается функция <function add_answer at 0x000001403616B040>	Позиционные аргументы(61, 739014944, 2, 'Бутик-отель «Прага»', '3,150 RUB', '11 км', 'Мопровский пер., 65', 'https://ru.hotels.com/ho739014944/?q-check-in=15-02-2022&q-check-out=16-02-2022&q-rooms=1&q-room-0-adults=1&q-room-0-children=0', 0, '')	Именованные аргументы
функция add_answer завершилась успешно
Вызывается функция <function add_answer at 0x000001403616B040>	Позиционные аргументы(61, 1028893184, 2, 'Отель «Калифорния»', '2,500 RUB', '7,0 км', 'ул. Советская, 213/2', 'https://ru.hotels.com/ho1028893184/?q-check-in=15-02-2022&q-check-out=16-02-2022&q-rooms=1&q-room-0-adults=1&q-room-0-children=0', 0, '')	Именованные аргументы
функция add_answer завершилась успешно
Вызывается функция <function get_answer at 0x000001403653AE50>	Позиционные аргументы(<utils.Users object at 0x0000014036DF8FA0>,)	Именованные аргументы
функция get_answer завершилась успешно
Вызывается функция <function get_answer_photo at 0x000001403653AC10>	Позиционные аргументы(<telebot.types.Message object at 0x00000140365402B0>,)	Именованные аргументы
функция get_answer_photo завершилась успешно
Вызывается функция <function bestdeal at 0x000001403653A310>	Позиционные аргументы(<telebot.types.Message object at 0x0000014036540340>,)	Именованные аргументы
функция bestdeal завершилась успешно
Вызывается функция <function city at 0x0000014036558B80>	Позиционные аргументы('Иркутск',)	Именованные аргументы
функция city завершилась успешно
Вызывается функция <function get_city at 0x000001403653A550>	Позиционные аргументы(<telebot.types.Message object at 0x0000014036531490>,)	Именованные аргументы
функция get_city завершилась успешно
Вызывается функция <function get_current_hotel at 0x000001403653A670>	Позиционные аргументы(<telebot.types.Message object at 0x0000014033C5EEB0>,)	Именованные аргументы
функция get_current_hotel завершилась успешно
Вызывается функция <function get_length at 0x000001403653A790>	Позиционные аргументы(<telebot.types.Message object at 0x0000014036531C70>,)	Именованные аргументы
функция get_length завершилась успешно
Вызывается функция <function get_count_hotel at 0x000001403653A8B0>	Позиционные аргументы(<telebot.types.Message object at 0x0000014036D91370>,)	Именованные аргументы
функция get_count_hotel завершилась успешно
Вызывается функция <function get_date_in at 0x000001403653A9D0>	Позиционные аргументы(<telebot.types.Message object at 0x0000014036540370>,)	Именованные аргументы
функция get_date_in завершилась успешно
Вызывается функция <function get_date_out at 0x000001403653AAF0>	Позиционные аргументы(<telebot.types.Message object at 0x0000014036531D60>,)	Именованные аргументы
функция get_date_out завершилась успешно
Вызывается функция <function get_answer_photo at 0x000001403653AC10>	Позиционные аргументы(<telebot.types.Message object at 0x00000140365400A0>,)	Именованные аргументы
функция get_answer_photo завершилась успешно
Вызывается функция <function add_history at 0x0000014036558CA0>	Позиционные аргументы()	Именованные аргументы
функция add_history завершилась успешно
Вызывается функция <function hotel_id at 0x0000014036159DC0>	Позиционные аргументы(<utils.Users object at 0x0000014033C5E130>,)	Именованные аргументы
функция hotel_id завершилась успешно
Вызывается функция <function hotels_photo at 0x00000140365589D0>	Позиционные аргументы(<utils.Users object at 0x0000014033C5E130>, 'Хостел «Монтана»', 'ул. Карла Либкнехта, 6', '752 RUB', '1,2 км', 751322176, 'https://ru.hotels.com/ho751322176/?q-check-in=15-02-2022&q-check-out=17-02-2022&q-rooms=1&q-room-0-adults=1&q-room-0-children=0')	Именованные аргументы
функция hotels_photo завершилась успешно
Вызывается функция <function hotels_photo at 0x00000140365589D0>	Позиционные аргументы(<utils.Users object at 0x0000014033C5E130>, 'Хостел Super Hostel', 'ул. Карла Маркса, 41', '1,000 RUB', '1,1 км', 624327520, 'https://ru.hotels.com/ho624327520/?q-check-in=15-02-2022&q-check-out=17-02-2022&q-rooms=1&q-room-0-adults=1&q-room-0-children=0')	Именованные аргументы
функция hotels_photo завершилась успешно
Вызывается функция <function hotels_list at 0x0000014036558790>	Позиционные аргументы(<utils.Users object at 0x0000014033C5E130>,)	Именованные аргументы
функция hotels_list завершилась успешно
Вызывается функция <function add_answer at 0x000001403616B040>	Позиционные аргументы(62, 751322176, 2, 'Хостел «Монтана»', '752 RUB', '1,2 км', 'ул. Карла Либкнехта, 6', 'https://ru.hotels.com/ho751322176/?q-check-in=15-02-2022&q-check-out=17-02-2022&q-rooms=1&q-room-0-adults=1&q-room-0-children=0', 2, 'https://exp.cdn-hotels.com/hotels/24000000/23450000/23447600/23447568/a1d41699_s.jpg')	Именованные аргументы
функция add_answer завершилась успешно
Вызывается функция <function add_answer at 0x000001403616B040>	Позиционные аргументы(62, 751322176, 2, 'Хостел «Монтана»', '752 RUB', '1,2 км', 'ул. Карла Либкнехта, 6', 'https://ru.hotels.com/ho751322176/?q-check-in=15-02-2022&q-check-out=17-02-2022&q-rooms=1&q-room-0-adults=1&q-room-0-children=0', 2, 'https://exp.cdn-hotels.com/hotels/24000000/23450000/23447600/23447568/caea5b75_s.jpg')	Именованные аргументы
функция add_answer завершилась успешно
Вызывается функция <function add_answer at 0x000001403616B040>	Позиционные аргументы(62, 624327520, 2, 'Хостел Super Hostel', '1,000 RUB', '1,1 км', 'ул. Карла Маркса, 41', 'https://ru.hotels.com/ho624327520/?q-check-in=15-02-2022&q-check-out=17-02-2022&q-rooms=1&q-room-0-adults=1&q-room-0-children=0', 2, 'https://exp.cdn-hotels.com/hotels/20000000/19480000/19479000/19478985/c9773644_s.jpg')	Именованные аргументы
функция add_answer завершилась успешно
Вызывается функция <function add_answer at 0x000001403616B040>	Позиционные аргументы(62, 624327520, 2, 'Хостел Super Hostel', '1,000 RUB', '1,1 км', 'ул. Карла Маркса, 41', 'https://ru.hotels.com/ho624327520/?q-check-in=15-02-2022&q-check-out=17-02-2022&q-rooms=1&q-room-0-adults=1&q-room-0-children=0', 2, 'https://exp.cdn-hotels.com/hotels/20000000/19480000/19479000/19478985/f351d07d_s.jpg')	Именованные аргументы
функция add_answer завершилась успешно
Вызывается функция <function get_answer at 0x000001403653AE50>	Позиционные аргументы(<utils.Users object at 0x0000014033C5E130>,)	Именованные аргументы
функция get_answer завершилась успешно
Вызывается функция <function get_photo at 0x000001403653AD30>	Позиционные аргументы(<telebot.types.Message object at 0x0000014036531490>,)	Именованные аргументы
функция get_photo завершилась успешно
Вызывается функция <function add_history at 0x0000023E5B1F9CA0>	Позиционные аргументы()	Именованные аргументы
функция add_history завершилась успешно
Вызывается функция <function read_hotel at 0x0000023E5B1E0040>	Позиционные аргументы(1,)	Именованные аргументы
функция read_hotel завершилась успешно
Вызывается функция <function read_hotel at 0x0000023E5B1E0040>	Позиционные аргументы(2,)	Именованные аргументы
функция read_hotel завершилась успешно
Вызывается функция <function read_hotel at 0x0000023E5B1E0040>	Позиционные аргументы(3,)	Именованные аргументы
функция read_hotel завершилась успешно
Вызывается функция <function read_hotel at 0x0000023E5B1E0040>	Позиционные аргументы(4,)	Именованные аргументы
функция read_hotel завершилась успешно
Вызывается функция <function read_hotel at 0x0000023E5B1E0040>	Позиционные аргументы(5,)	Именованные аргументы
функция read_hotel завершилась успешно
Вызывается функция <function read_hotel at 0x0000023E5B1E0040>	Позиционные аргументы(6,)	Именованные аргументы
функция read_hotel завершилась успешно
Вызывается функция <function read_hotel at 0x0000023E5B1E0040>	Позиционные аргументы(7,)	Именованные аргументы
функция read_hotel завершилась успешно
Вызывается функция <function read_hotel at 0x0000023E5B1E0040>	Позиционные аргументы(8,)	Именованные аргументы
функция read_hotel завершилась успешно
Вызывается функция <function read_hotel at 0x0000023E5B1E0040>	Позиционные аргументы(9,)	Именованные аргументы
функция read_hotel завершилась успешно
Вызывается функция <function read_hotel at 0x0000023E5B1E0040>	Позиционные аргументы(10,)	Именованные аргументы
функция read_hotel завершилась успешно
Вызывается функция <function read_hotel at 0x0000023E5B1E0040>	Позиционные аргументы(11,)	Именованные аргументы
функция read_hotel завершилась успешно
Вызывается функция <function read_hotel at 0x0000023E5B1E0040>	Позиционные аргументы(12,)	Именованные аргументы
функция read_hotel завершилась успешно
Вызывается функция <function read_hotel at 0x0000023E5B1E0040>	Позиционные аргументы(13,)	Именованные аргументы
функция read_hotel завершилась успешно
Вызывается функция <function read_hotel at 0x0000023E5B1E0040>	Позиционные аргументы(14,)	Именованные аргументы
функция read_hotel завершилась успешно
Вызывается функция <function read_hotel at 0x0000023E5B1E0040>	Позиционные аргументы(15,)	Именованные аргументы
функция read_hotel завершилась успешно
Вызывается функция <function read_hotel at 0x0000023E5B1E0040>	Позиционные аргументы(16,)	Именованные аргументы
функция read_hotel завершилась успешно
Вызывается функция <function read_hotel at 0x0000023E5B1E0040>	Позиционные аргументы(17,)	Именованные аргументы
функция read_hotel завершилась успешно
Вызывается функция <function read_hotel at 0x0000023E5B1E0040>	Позиционные аргументы(18,)	Именованные аргументы
функция read_hotel завершилась успешно
Вызывается функция <function read_hotel at 0x0000023E5B1E0040>	Позиционные аргументы(19,)	Именованные аргументы
функция read_hotel завершилась успешно
Вызывается функция <function read_hotel at 0x0000023E5B1E0040>	Позиционные аргументы(20,)	Именованные аргументы
функция read_hotel завершилась успешно
Вызывается функция <function read_hotel at 0x0000023E5B1E0040>	Позиционные аргументы(21,)	Именованные аргументы
функция read_hotel завершилась успешно
Вызывается функция <function read_hotel at 0x0000023E5B1E0040>	Позиционные аргументы(22,)	Именованные аргументы
функция read_hotel завершилась успешно
Вызывается функция <function read_hotel at 0x0000023E5B1E0040>	Позиционные аргументы(23,)	Именованные аргументы
функция read_hotel завершилась успешно
Вызывается функция <function read_hotel at 0x0000023E5B1E0040>	Позиционные аргументы(24,)	Именованные аргументы
функция read_hotel завершилась успешно
Вызывается функция <function read_hotel at 0x0000023E5B1E0040>	Позиционные аргументы(25,)	Именованные аргументы
функция read_hotel завершилась успешно
Вызывается функция <function read_hotel at 0x0000023E5B1E0040>	Позиционные аргументы(26,)	Именованные аргументы
функция read_hotel завершилась успешно
Вызывается функция <function read_hotel at 0x0000023E5B1E0040>	Позиционные аргументы(27,)	Именованные аргументы
функция read_hotel завершилась успешно
Вызывается функция <function read_hotel at 0x0000023E5B1E0040>	Позиционные аргументы(28,)	Именованные аргументы
функция read_hotel завершилась успешно
Вызывается функция <function read_hotel at 0x0000023E5B1E0040>	Позиционные аргументы(29,)	Именованные аргументы
функция read_hotel завершилась успешно
Вызывается функция <function read_hotel at 0x0000023E5B1E0040>	Позиционные аргументы(30,)	Именованные аргументы
функция read_hotel завершилась успешно
Вызывается функция <function read_hotel at 0x0000023E5B1E0040>	Позиционные аргументы(31,)	Именованные аргументы
функция read_hotel завершилась успешно
Вызывается функция <function read_hotel at 0x0000023E5B1E0040>	Позиционные аргументы(32,)	Именованные аргументы
функция read_hotel завершилась успешно
Вызывается функция <function read_hotel at 0x0000023E5B1E0040>	Позиционные аргументы(33,)	Именованные аргументы
функция read_hotel завершилась успешно
Вызывается функция <function read_hotel at 0x0000023E5B1E0040>	Позиционные аргументы(34,)	Именованные аргументы
функция read_hotel завершилась успешно
Вызывается функция <function read_hotel at 0x0000023E5B1E0040>	Позиционные аргументы(35,)	Именованные аргументы
функция read_hotel завершилась успешно
Вызывается функция <function read_hotel at 0x0000023E5B1E0040>	Позиционные аргументы(36,)	Именованные аргументы
функция read_hotel завершилась успешно
Вызывается функция <function read_hotel at 0x0000023E5B1E0040>	Позиционные аргументы(37,)	Именованные аргументы
функция read_hotel завершилась успешно
Вызывается функция <function read_hotel at 0x0000023E5B1E0040>	Позиционные аргументы(38,)	Именованные аргументы
функция read_hotel завершилась успешно
Вызывается функция <function read_hotel at 0x0000023E5B1E0040>	Позиционные аргументы(39,)	Именованные аргументы
функция read_hotel завершилась успешно
Вызывается функция <function read_hotel at 0x0000023E5B1E0040>	Позиционные аргументы(40,)	Именованные аргументы
функция read_hotel завершилась успешно
Вызывается функция <function read_hotel at 0x0000023E5B1E0040>	Позиционные аргументы(41,)	Именованные аргументы
функция read_hotel завершилась успешно
Вызывается функция <function read_hotel at 0x0000023E5B1E0040>	Позиционные аргументы(42,)	Именованные аргументы
функция read_hotel завершилась успешно
Вызывается функция <function read_hotel at 0x0000023E5B1E0040>	Позиционные аргументы(43,)	Именованные аргументы
функция read_hotel завершилась успешно
Вызывается функция <function read_hotel at 0x0000023E5B1E0040>	Позиционные аргументы(44,)	Именованные аргументы
функция read_hotel завершилась успешно
Вызывается функция <function read_hotel at 0x0000023E5B1E0040>	Позиционные аргументы(45,)	Именованные аргументы
функция read_hotel завершилась успешно
Вызывается функция <function read_hotel at 0x0000023E5B1E0040>	Позиционные аргументы(46,)	Именованные аргументы
функция read_hotel завершилась успешно
Вызывается функция <function read_hotel at 0x0000023E5B1E0040>	Позиционные аргументы(47,)	Именованные аргументы
функция read_hotel завершилась успешно
Вызывается функция <function read_hotel at 0x0000023E5B1E0040>	Позиционные аргументы(48,)	Именованные аргументы
функция read_hotel завершилась успешно
Вызывается функция <function read_hotel at 0x0000023E5B1E0040>	Позиционные аргументы(49,)	Именованные аргументы
функция read_hotel завершилась успешно
Вызывается функция <function read_hotel at 0x0000023E5B1E0040>	Позиционные аргументы(50,)	Именованные аргументы
функция read_hotel завершилась успешно
Вызывается функция <function read_hotel at 0x0000023E5B1E0040>	Позиционные аргументы(51,)	Именованные аргументы
функция read_hotel завершилась успешно
Вызывается функция <function read_hotel at 0x0000023E5B1E0040>	Позиционные аргументы(52,)	Именованные аргументы
функция read_hotel завершилась успешно
Вызывается функция <function read_hotel at 0x0000023E5B1E0040>	Позиционные аргументы(53,)	Именованные аргументы
функция read_hotel завершилась успешно
Вызывается функция <function read_hotel at 0x0000023E5B1E0040>	Позиционные аргументы(54,)	Именованные аргументы
функция read_hotel завершилась успешно
Вызывается функция <function read_hotel at 0x0000023E5B1E0040>	Позиционные аргументы(55,)	Именованные аргументы
функция read_hotel завершилась успешно
Вызывается функция <function read_hotel at 0x0000023E5B1E0040>	Позиционные аргументы(56,)	Именованные аргументы
функция read_hotel завершилась успешно
Вызывается функция <function read_hotel at 0x0000023E5B1E0040>	Позиционные аргументы(57,)	Именованные аргументы
функция read_hotel завершилась успешно
Вызывается функция <function read_hotel at 0x0000023E5B1E0040>	Позиционные аргументы(58,)	Именованные аргументы
функция read_hotel завершилась успешно
Вызывается функция <function read_hotel at 0x0000023E5B1E0040>	Позиционные аргументы(59,)	Именованные аргументы
функция read_hotel завершилась успешно
Вызывается функция <function read_hotel at 0x0000023E5B1E0040>	Позиционные аргументы(60,)	Именованные аргументы
функция read_hotel завершилась успешно
Вызывается функция <function read_hotel at 0x0000023E5B1E0040>	Позиционные аргументы(61,)	Именованные аргументы
функция read_hotel завершилась успешно
Вызывается функция <function read_hotel at 0x0000023E5B1E0040>	Позиционные аргументы(62,)	Именованные аргументы
функция read_hotel завершилась успешно
Вызывается функция <function read_hotel at 0x0000023E5B1E0040>	Позиционные аргументы(63,)	Именованные аргументы
функция read_hotel завершилась успешно
Вызывается функция <function read at 0x0000023E5B1F9EE0>	Позиционные аргументы()	Именованные аргументы
функция read завершилась успешно
Вызывается функция <function history at 0x0000023E5B1E0430>	Позиционные аргументы(<telebot.types.Message object at 0x0000023E5B207F70>,)	Именованные аргументы
функция history завершилась успешно
Вызывается функция <function lowprice at 0x0000021D6D449550>	Позиционные аргументы(<telebot.types.Message object at 0x0000021D6D84B370>,)	Именованные аргументы
функция lowprice завершилась успешно
Вызывается функция <function city at 0x0000021D6D84AAF0>	Позиционные аргументы('Лондон',)	Именованные аргументы
функция city завершилась успешно
Вызывается функция <function get_city at 0x0000021D6D82B3A0>	Позиционные аргументы(<telebot.types.Message object at 0x0000021D6D857B50>,)	Именованные аргументы
функция get_city завершилась успешно
Вызывается функция <function get_count_hotel at 0x0000021D6D82B700>	Позиционные аргументы(<telebot.types.Message object at 0x0000021D6D857B80>,)	Именованные аргументы
функция get_count_hotel завершилась успешно
Вызывается функция <function get_date_in at 0x0000021D6D82B820>	Позиционные аргументы(<telebot.types.Message object at 0x0000021D6D857BB0>,)	Именованные аргументы
функция get_date_in завершилась успешно
Вызывается функция <function get_date_out at 0x0000021D6D82B940>	Позиционные аргументы(<telebot.types.Message object at 0x0000021D6D857B50>,)	Именованные аргументы
функция get_date_out завершилась успешно
Вызывается функция <function get_answer_photo at 0x0000021D6D82BA60>	Позиционные аргументы(<telebot.types.Message object at 0x0000021D6D84B3D0>,)	Именованные аргументы
функция get_answer_photo завершилась успешно
Вызывается функция <function add_history at 0x0000021D6D84AC10>	Позиционные аргументы()	Именованные аргументы
функция add_history завершилась успешно
Вызывается функция <function hotel_id at 0x0000021D6D449D30>	Позиционные аргументы(<utils.Users object at 0x0000021D6D8574C0>,)	Именованные аргументы
функция hotel_id завершилась успешно
Вызывается функция <function hotels_photo at 0x0000021D6D84A940>	Позиционные аргументы(<utils.Users object at 0x0000021D6D8574C0>, 'Kensal Green Backpackers 1', '639 Harrow Road', '4,264 RUB', '7,2 км', 325381, 'https://ru.hotels.com/ho325381/?q-check-in=01-03-2022&q-check-out=05-03-2022&q-rooms=1&q-room-0-adults=1&q-room-0-children=0')	Именованные аргументы
функция hotels_photo завершилась успешно
Вызывается функция <function hotels_photo at 0x0000021D6D84A940>	Позиционные аргументы(<utils.Users object at 0x0000021D6D8574C0>, 'Smart Hyde Park Inn Hostel', '48-50 Inverness Terrace', '4,846 RUB', '4,1 км', 512088, 'https://ru.hotels.com/ho512088/?q-check-in=01-03-2022&q-check-out=05-03-2022&q-rooms=1&q-room-0-adults=1&q-room-0-children=0')	Именованные аргументы
функция hotels_photo завершилась успешно
Вызывается функция <function hotels_list at 0x0000021D6D84A700>	Позиционные аргументы(<utils.Users object at 0x0000021D6D8574C0>,)	Именованные аргументы
функция hotels_list завершилась успешно
Вызывается функция <function add_answer at 0x0000021D6D449F70>	Позиционные аргументы(64, 325381, 2, 'Kensal Green Backpackers 1', '4,264 RUB', '7,2 км', '639 Harrow Road', 'https://ru.hotels.com/ho325381/?q-check-in=01-03-2022&q-check-out=05-03-2022&q-rooms=1&q-room-0-adults=1&q-room-0-children=0', 3, 'https://exp.cdn-hotels.com/hotels/3000000/2840000/2831600/2831521/6eaec41a_s.jpg')	Именованные аргументы
функция add_answer завершилась успешно
Вызывается функция <function add_answer at 0x0000021D6D449F70>	Позиционные аргументы(64, 325381, 2, 'Kensal Green Backpackers 1', '4,264 RUB', '7,2 км', '639 Harrow Road', 'https://ru.hotels.com/ho325381/?q-check-in=01-03-2022&q-check-out=05-03-2022&q-rooms=1&q-room-0-adults=1&q-room-0-children=0', 3, 'https://exp.cdn-hotels.com/hotels/3000000/2840000/2831600/2831521/d0f882cd_s.jpg')	Именованные аргументы
функция add_answer завершилась успешно
Вызывается функция <function add_answer at 0x0000021D6D449F70>	Позиционные аргументы(64, 325381, 2, 'Kensal Green Backpackers 1', '4,264 RUB', '7,2 км', '639 Harrow Road', 'https://ru.hotels.com/ho325381/?q-check-in=01-03-2022&q-check-out=05-03-2022&q-rooms=1&q-room-0-adults=1&q-room-0-children=0', 3, 'https://exp.cdn-hotels.com/hotels/3000000/2840000/2831600/2831521/7918a6b1_s.jpg')	Именованные аргументы
функция add_answer завершилась успешно
Вызывается функция <function add_answer at 0x0000021D6D449F70>	Позиционные аргументы(64, 512088, 2, 'Smart Hyde Park Inn Hostel', '4,846 RUB', '4,1 км', '48-50 Inverness Terrace', 'https://ru.hotels.com/ho512088/?q-check-in=01-03-2022&q-check-out=05-03-2022&q-rooms=1&q-room-0-adults=1&q-room-0-children=0', 3, 'https://exp.cdn-hotels.com/hotels/11000000/10630000/10626200/10626173/a4eaaad5_s.jpg')	Именованные аргументы
функция add_answer завершилась успешно
Вызывается функция <function add_answer at 0x0000021D6D449F70>	Позиционные аргументы(64, 512088, 2, 'Smart Hyde Park Inn Hostel', '4,846 RUB', '4,1 км', '48-50 Inverness Terrace', 'https://ru.hotels.com/ho512088/?q-check-in=01-03-2022&q-check-out=05-03-2022&q-rooms=1&q-room-0-adults=1&q-room-0-children=0', 3, 'https://exp.cdn-hotels.com/hotels/11000000/10630000/10626200/10626173/0835af13_s.jpg')	Именованные аргументы
функция add_answer завершилась успешно
Вызывается функция <function add_answer at 0x0000021D6D449F70>	Позиционные аргументы(64, 512088, 2, 'Smart Hyde Park Inn Hostel', '4,846 RUB', '4,1 км', '48-50 Inverness Terrace', 'https://ru.hotels.com/ho512088/?q-check-in=01-03-2022&q-check-out=05-03-2022&q-rooms=1&q-room-0-adults=1&q-room-0-children=0', 3, 'https://exp.cdn-hotels.com/hotels/11000000/10630000/10626200/10626173/1d9c343c_s.jpg')	Именованные аргументы
функция add_answer завершилась успешно
Вызывается функция <function get_answer at 0x0000021D6D82BCA0>	Позиционные аргументы(<utils.Users object at 0x0000021D6D8574C0>,)	Именованные аргументы
функция get_answer завершилась успешно
Вызывается функция <function get_photo at 0x0000021D6D82BB80>	Позиционные аргументы(<telebot.types.Message object at 0x0000021D6D857520>,)	Именованные аргументы
функция get_photo завершилась успешно
Вызывается функция <function highprice at 0x000001E648512160>	Позиционные аргументы(<telebot.types.Message object at 0x000001E64819A2E0>,)	Именованные аргументы
функция highprice завершилась успешно
Вызывается функция <function city at 0x000001E64813E790>	Позиционные аргументы('Москва',)	Именованные аргументы
функция city завершилась успешно
Вызывается функция <function get_city at 0x000001E6485124C0>	Позиционные аргументы(<telebot.types.Message object at 0x000001E648531F40>,)	Именованные аргументы
функция get_city завершилась успешно
Вызывается функция <function get_count_hotel at 0x000001E648512820>	Позиционные аргументы(<telebot.types.Message object at 0x000001E648531F10>,)	Именованные аргументы
функция get_count_hotel завершилась успешно
Вызывается функция <function get_date_in at 0x000001E648512940>	Позиционные аргументы(<telebot.types.Message object at 0x000001E648531D90>,)	Именованные аргументы
функция get_date_in завершилась успешно
Вызывается функция <function get_date_out at 0x000001E648512A60>	Позиционные аргументы(<telebot.types.Message object at 0x000001E648531D00>,)	Именованные аргументы
функция get_date_out завершилась успешно
Вызывается функция <function add_history at 0x000001E64852BC10>	Позиционные аргументы()	Именованные аргументы
функция add_history завершилась успешно
Вызывается функция <function hotel_id at 0x000001E64812CF70>	Позиционные аргументы(<utils.Users object at 0x000001E6485319D0>,)	Именованные аргументы
Вызывается функция <function get_answer at 0x000001E648512DC0>	Позиционные аргументы(<utils.Users object at 0x000001E6485319D0>,)	Именованные аргументы
Вызывается функция <function get_answer_photo at 0x000001E648512B80>	Позиционные аргументы(<telebot.types.Message object at 0x000001E648D628E0>,)	Именованные аргументы
Вызывается функция <function highprice at 0x00000216FE91E160>	Позиционные аргументы(<telebot.types.Message object at 0x00000216FE92E760>,)	Именованные аргументы
функция highprice завершилась успешно
Вызывается функция <function city at 0x00000216FE54E820>	Позиционные аргументы('Москва',)	Именованные аргументы
функция city завершилась успешно
Вызывается функция <function get_city at 0x00000216FE91E4C0>	Позиционные аргументы(<telebot.types.Message object at 0x00000216FE941F40>,)	Именованные аргументы
функция get_city завершилась успешно
Вызывается функция <function get_count_hotel at 0x00000216FE91E820>	Позиционные аргументы(<telebot.types.Message object at 0x00000216FE92E730>,)	Именованные аргументы
функция get_count_hotel завершилась успешно
Вызывается функция <function get_date_in at 0x00000216FE91E940>	Позиционные аргументы(<telebot.types.Message object at 0x00000216FE9419A0>,)	Именованные аргументы
функция get_date_in завершилась успешно
Вызывается функция <function get_date_out at 0x00000216FE91EA60>	Позиционные аргументы(<telebot.types.Message object at 0x00000216FE941D90>,)	Именованные аргументы
функция get_date_out завершилась успешно
Вызывается функция <function get_date_out at 0x00000216FE91EA60>	Позиционные аргументы(<telebot.types.Message object at 0x00000216FF1718E0>,)	Именованные аргументы
функция get_date_out завершилась успешно
Вызывается функция <function add_history at 0x00000216FE93BC10>	Позиционные аргументы()	Именованные аргументы
функция add_history завершилась успешно
Вызывается функция <function hotel_id at 0x00000216FE53BF70>	Позиционные аргументы(<utils.Users object at 0x00000216FE9419D0>,)	Именованные аргументы
функция hotel_id завершилась успешно
Вызывается функция <function hotels_photo at 0x00000216FE54E670>	Позиционные аргументы(<utils.Users object at 0x00000216FE9419D0>, 'Гостиница Four Seasons', 'ул. Охотный ряд, 2', '205,530 RUB', '0,1 км', 481640, 'https://ru.hotels.com/ho481640/?q-check-in=25-02-2022&q-check-out=28-02-2022&q-rooms=1&q-room-0-adults=1&q-room-0-children=0')	Именованные аргументы
функция hotels_photo завершилась успешно
Вызывается функция <function hotels_photo at 0x00000216FE54E670>	Позиционные аргументы(<utils.Users object at 0x00000216FE9419D0>, 'Barvikha Hotel & Spa', 'Рублево-Успенское шоссе, 114/3', '150,930 RUB', '22 км', 309451, 'https://ru.hotels.com/ho309451/?q-check-in=25-02-2022&q-check-out=28-02-2022&q-rooms=1&q-room-0-adults=1&q-room-0-children=0')	Именованные аргументы
функция hotels_photo завершилась успешно
Вызывается функция <function hotels_photo at 0x00000216FE54E670>	Позиционные аргументы(<utils.Users object at 0x00000216FE9419D0>, 'Арарат Парк Хаятт Москва', 'Неглинная ул., 4', '121,677 RUB', '0,6 км', 205927, 'https://ru.hotels.com/ho205927/?q-check-in=25-02-2022&q-check-out=28-02-2022&q-rooms=1&q-room-0-adults=1&q-room-0-children=0')	Именованные аргументы
функция hotels_photo завершилась успешно
Вызывается функция <function hotels_photo at 0x00000216FE54E670>	Позиционные аргументы(<utils.Users object at 0x00000216FE9419D0>, 'The Ritz-Carlton, Moscow', 'Тверская ул., 3', '118,080 RUB', '0,1 км', 238222, 'https://ru.hotels.com/ho238222/?q-check-in=25-02-2022&q-check-out=28-02-2022&q-rooms=1&q-room-0-adults=1&q-room-0-children=0')	Именованные аргументы
функция hotels_photo завершилась успешно
Вызывается функция <function hotels_photo at 0x00000216FE54E670>	Позиционные аргументы(<utils.Users object at 0x00000216FE9419D0>, 'St. Regis Moscow Nikolskaya', 'Никольская ул., 12', '103,680 RUB', '0,7 км', 425575, 'https://ru.hotels.com/ho425575/?q-check-in=25-02-2022&q-check-out=28-02-2022&q-rooms=1&q-room-0-adults=1&q-room-0-children=0')	Именованные аргументы
функция hotels_photo завершилась успешно
Вызывается функция <function hotels_photo at 0x00000216FE54E670>	Позиционные аргументы(<utils.Users object at 0x00000216FE9419D0>, 'Отель «Лотте Отель Москва» — лучшие отели мира', 'Новинский бульвар, 8, стр. 2', '90,000 RUB', '2,1 км', 342665, 'https://ru.hotels.com/ho342665/?q-check-in=25-02-2022&q-check-out=28-02-2022&q-rooms=1&q-room-0-adults=1&q-room-0-children=0')	Именованные аргументы
функция hotels_photo завершилась успешно
Вызывается функция <function hotels_list at 0x00000216FE54E430>	Позиционные аргументы(<utils.Users object at 0x00000216FE9419D0>,)	Именованные аргументы
функция hotels_list завершилась успешно
Вызывается функция <function add_answer at 0x00000216FE93BD30>	Позиционные аргументы(66, 481640, 6, 'Гостиница Four Seasons', '205,530 RUB', '0,1 км', 'ул. Охотный ряд, 2', 'https://ru.hotels.com/ho481640/?q-check-in=25-02-2022&q-check-out=28-02-2022&q-rooms=1&q-room-0-adults=1&q-room-0-children=0', 0, '')	Именованные аргументы
функция add_answer завершилась успешно
Вызывается функция <function add_answer at 0x00000216FE93BD30>	Позиционные аргументы(66, 309451, 6, 'Barvikha Hotel & Spa', '150,930 RUB', '22 км', 'Рублево-Успенское шоссе, 114/3', 'https://ru.hotels.com/ho309451/?q-check-in=25-02-2022&q-check-out=28-02-2022&q-rooms=1&q-room-0-adults=1&q-room-0-children=0', 0, '')	Именованные аргументы
функция add_answer завершилась успешно
Вызывается функция <function add_answer at 0x00000216FE93BD30>	Позиционные аргументы(66, 205927, 6, 'Арарат Парк Хаятт Москва', '121,677 RUB', '0,6 км', 'Неглинная ул., 4', 'https://ru.hotels.com/ho205927/?q-check-in=25-02-2022&q-check-out=28-02-2022&q-rooms=1&q-room-0-adults=1&q-room-0-children=0', 0, '')	Именованные аргументы
функция add_answer завершилась успешно
Вызывается функция <function add_answer at 0x00000216FE93BD30>	Позиционные аргументы(66, 238222, 6, 'The Ritz-Carlton, Moscow', '118,080 RUB', '0,1 км', 'Тверская ул., 3', 'https://ru.hotels.com/ho238222/?q-check-in=25-02-2022&q-check-out=28-02-2022&q-rooms=1&q-room-0-adults=1&q-room-0-children=0', 0, '')	Именованные аргументы
функция add_answer завершилась успешно
Вызывается функция <function add_answer at 0x00000216FE93BD30>	Позиционные аргументы(66, 425575, 6, 'St. Regis Moscow Nikolskaya', '103,680 RUB', '0,7 км', 'Никольская ул., 12', 'https://ru.hotels.com/ho425575/?q-check-in=25-02-2022&q-check-out=28-02-2022&q-rooms=1&q-room-0-adults=1&q-room-0-children=0', 0, '')	Именованные аргументы
функция add_answer завершилась успешно
Вызывается функция <function add_answer at 0x00000216FE93BD30>	Позиционные аргументы(66, 342665, 6, 'Отель «Лотте Отель Москва» — лучшие отели мира', '90,000 RUB', '2,1 км', 'Новинский бульвар, 8, стр. 2', 'https://ru.hotels.com/ho342665/?q-check-in=25-02-2022&q-check-out=28-02-2022&q-rooms=1&q-room-0-adults=1&q-room-0-children=0', 0, '')	Именованные аргументы
функция add_answer завершилась успешно
Вызывается функция <function get_answer at 0x00000216FE91EDC0>	Позиционные аргументы(<utils.Users object at 0x00000216FE9419D0>,)	Именованные аргументы
функция get_answer завершилась успешно
Вызывается функция <function get_answer_photo at 0x00000216FE91EB80>	Позиционные аргументы(<telebot.types.Message object at 0x00000216FE941D30>,)	Именованные аргументы
функция get_answer_photo завершилась успешно
Вызывается функция <function highprice at 0x000002368C3981F0>	Позиционные аргументы(<telebot.types.Message object at 0x000002368C39D6D0>,)	Именованные аргументы
функция highprice завершилась успешно
Вызывается функция <function city at 0x000002368BFCC670>	Позиционные аргументы('Ржев',)	Именованные аргументы
функция city завершилась успешно
Вызывается функция <function get_city at 0x000002368C398550>	Позиционные аргументы(<telebot.types.Message object at 0x000002368C393AF0>,)	Именованные аргументы
функция get_city завершилась успешно
Вызывается функция <function get_count_hotel at 0x000002368C3988B0>	Позиционные аргументы(<telebot.types.Message object at 0x000002368BFCFE20>,)	Именованные аргументы
функция get_count_hotel завершилась успешно
Вызывается функция <function get_date_in at 0x000002368C3989D0>	Позиционные аргументы(<telebot.types.Message object at 0x000002368C393A00>,)	Именованные аргументы
функция get_date_in завершилась успешно
Вызывается функция <function get_date_out at 0x000002368C398AF0>	Позиционные аргументы(<telebot.types.Message object at 0x000002368C39D6D0>,)	Именованные аргументы
функция get_date_out завершилась успешно
Вызывается функция <function add_history at 0x000002368C3BBCA0>	Позиционные аргументы()	Именованные аргументы
функция add_history завершилась успешно
Вызывается функция <function hotel_id at 0x000002368BFBCF70>	Позиционные аргументы(<utils.Users object at 0x000002368C3939D0>,)	Именованные аргументы
функция hotel_id завершилась успешно
Вызывается функция <function hotels_list at 0x000002368BFCC280>	Позиционные аргументы(<utils.Users object at 0x000002368C3939D0>,)	Именованные аргументы
функция hotels_list завершилась успешно
Вызывается функция <function get_answer at 0x000002368C398E50>	Позиционные аргументы(<utils.Users object at 0x000002368C3939D0>,)	Именованные аргументы
функция get_answer завершилась успешно
Вызывается функция <function get_answer_photo at 0x000002368C398C10>	Позиционные аргументы(<telebot.types.Message object at 0x000002368C3934F0>,)	Именованные аргументы
функция get_answer_photo завершилась успешно
Вызывается функция <function highprice at 0x000001A138C39F70>	Позиционные аргументы(<telebot.types.Message object at 0x000001A138C2FDC0>,)	Именованные аргументы
функция highprice завершилась успешно
Вызывается функция <function city at 0x000001A13884A430>	Позиционные аргументы('Омск',)	Именованные аргументы
функция city завершилась успешно
Вызывается функция <function get_city at 0x000001A138C3E310>	Позиционные аргументы(<telebot.types.Message object at 0x000001A138C2FCA0>,)	Именованные аргументы
функция get_city завершилась успешно
Вызывается функция <function get_count_hotel at 0x000001A138C3E670>	Позиционные аргументы(<telebot.types.Message object at 0x000001A138C2FDC0>,)	Именованные аргументы
функция get_count_hotel завершилась успешно
Вызывается функция <function get_date_in at 0x000001A138C3E790>	Позиционные аргументы(<telebot.types.Message object at 0x000001A138C2FCA0>,)	Именованные аргументы
функция get_date_in завершилась успешно
Вызывается функция <function get_date_out at 0x000001A138C3E8B0>	Позиционные аргументы(<telebot.types.Message object at 0x000001A138C2FDF0>,)	Именованные аргументы
функция get_date_out завершилась успешно
Вызывается функция <function add_history at 0x000001A138C39A60>	Позиционные аргументы()	Именованные аргументы
функция add_history завершилась успешно
Вызывается функция <function hotel_id at 0x000001A138839D30>	Позиционные аргументы(<utils.Users object at 0x000001A138C2C730>,)	Именованные аргументы
функция hotel_id завершилась успешно
Вызывается функция <function hotels_photo at 0x000001A13884A280>	Позиционные аргументы(<utils.Users object at 0x000001A138C2C730>, ' «Ибис Сибирь-Омск»', 'ул. Ленина, 22', '12,825 RUB', '3,0 км', 322603, 'https://ru.hotels.com/ho322603/?q-check-in=25-02-2022&q-check-out=28-02-2022&q-rooms=1&q-room-0-adults=1&q-room-0-children=0')	Именованные аргументы
функция hotels_photo завершилась успешно
Вызывается функция <function hotels_photo at 0x000001A13884A280>	Позиционные аргументы(<utils.Users object at 0x000001A138C2C730>, 'Апартаменты Luxe, ул. Масленникова, 58', '', '11,712 RUB', '3,9 км', 1304075616, 'https://ru.hotels.com/ho1304075616/?q-check-in=25-02-2022&q-check-out=28-02-2022&q-rooms=1&q-room-0-adults=1&q-room-0-children=0')	Именованные аргументы
функция hotels_photo завершилась успешно
Вызывается функция <function hotels_list at 0x000001A13884A040>	Позиционные аргументы(<utils.Users object at 0x000001A138C2C730>,)	Именованные аргументы
функция hotels_list завершилась успешно
Вызывается функция <function add_answer at 0x000001A138C39B80>	Позиционные аргументы(68, 322603, 2, ' «Ибис Сибирь-Омск»', '12,825 RUB', '3,0 км', 'ул. Ленина, 22', 'https://ru.hotels.com/ho322603/?q-check-in=25-02-2022&q-check-out=28-02-2022&q-rooms=1&q-room-0-adults=1&q-room-0-children=0', 0, '')	Именованные аргументы
функция add_answer завершилась успешно
Вызывается функция <function add_answer at 0x000001A138C39B80>	Позиционные аргументы(68, 1304075616, 2, 'Апартаменты Luxe, ул. Масленникова, 58', '11,712 RUB', '3,9 км', '', 'https://ru.hotels.com/ho1304075616/?q-check-in=25-02-2022&q-check-out=28-02-2022&q-rooms=1&q-room-0-adults=1&q-room-0-children=0', 0, '')	Именованные аргументы
функция add_answer завершилась успешно
Вызывается функция <function get_answer at 0x000001A138C3EC10>	Позиционные аргументы(<utils.Users object at 0x000001A138C2C730>,)	Именованные аргументы
функция get_answer завершилась успешно
Вызывается функция <function get_answer_photo at 0x000001A138C3E9D0>	Позиционные аргументы(<telebot.types.Message object at 0x000001A138C2FDC0>,)	Именованные аргументы
функция get_answer_photo завершилась успешно
Вызывается функция <function bestdeal at 0x000001A138C3E0D0>	Позиционные аргументы(<telebot.types.Message object at 0x000001A138C1B2E0>,)	Именованные аргументы
функция bestdeal завершилась успешно
Вызывается функция <function city at 0x000001A13884A430>	Позиционные аргументы('Томск',)	Именованные аргументы
функция city завершилась успешно
Вызывается функция <function get_city at 0x000001A138C3E310>	Позиционные аргументы(<telebot.types.Message object at 0x000001A138C20220>,)	Именованные аргументы
функция get_city завершилась успешно
Вызывается функция <function get_current_hotel at 0x000001A138C3E430>	Позиционные аргументы(<telebot.types.Message object at 0x000001A138C207F0>,)	Именованные аргументы
функция get_current_hotel завершилась успешно
Вызывается функция <function get_length at 0x000001A138C3E550>	Позиционные аргументы(<telebot.types.Message object at 0x000001A138C1B1C0>,)	Именованные аргументы
функция get_length завершилась успешно
Вызывается функция <function get_count_hotel at 0x000001A138C3E670>	Позиционные аргументы(<telebot.types.Message object at 0x000001A138C2CA00>,)	Именованные аргументы
функция get_count_hotel завершилась успешно
Вызывается функция <function get_date_in at 0x000001A138C3E790>	Позиционные аргументы(<telebot.types.Message object at 0x000001A138C2FDC0>,)	Именованные аргументы
функция get_date_in завершилась успешно
Вызывается функция <function get_date_out at 0x000001A138C3E8B0>	Позиционные аргументы(<telebot.types.Message object at 0x000001A138C1B0D0>,)	Именованные аргументы
функция get_date_out завершилась успешно
Вызывается функция <function get_answer_photo at 0x000001A138C3E9D0>	Позиционные аргументы(<telebot.types.Message object at 0x000001A138C38C10>,)	Именованные аргументы
функция get_answer_photo завершилась успешно
Вызывается функция <function add_history at 0x000001A138C39A60>	Позиционные аргументы()	Именованные аргументы
функция add_history завершилась успешно
Вызывается функция <function hotel_id at 0x000001A138839D30>	Позиционные аргументы(<utils.Users object at 0x000001A138C991C0>,)	Именованные аргументы
функция hotel_id завершилась успешно
Вызывается функция <function hotels_photo at 0x000001A13884A280>	Позиционные аргументы(<utils.Users object at 0x000001A138C991C0>, 'Хостел Hunter', 'ул. Гагарина, 42', '1,500 RUB', '3,3 км', 1192679520, 'https://ru.hotels.com/ho1192679520/?q-check-in=25-02-2022&q-check-out=28-02-2022&q-rooms=1&q-room-0-adults=1&q-room-0-children=0')	Именованные аргументы
функция hotels_photo завершилась успешно
Вызывается функция <function hotels_photo at 0x000001A13884A280>	Позиционные аргументы(<utils.Users object at 0x000001A138C991C0>, 'Апартаменты «Петровские» на Савиных, 4А', 'ул. Савиных, 4А', '5,535 RUB', '5,1 км', 1480076960, 'https://ru.hotels.com/ho1480076960/?q-check-in=25-02-2022&q-check-out=28-02-2022&q-rooms=1&q-room-0-adults=1&q-room-0-children=0')	Именованные аргументы
функция hotels_photo завершилась успешно
Вызывается функция <function hotels_list at 0x000001A13884A040>	Позиционные аргументы(<utils.Users object at 0x000001A138C991C0>,)	Именованные аргументы
функция hotels_list завершилась успешно
Вызывается функция <function add_answer at 0x000001A138C39B80>	Позиционные аргументы(69, 1192679520, 2, 'Хостел Hunter', '1,500 RUB', '3,3 км', 'ул. Гагарина, 42', 'https://ru.hotels.com/ho1192679520/?q-check-in=25-02-2022&q-check-out=28-02-2022&q-rooms=1&q-room-0-adults=1&q-room-0-children=0', 2, 'https://exp.cdn-hotels.com/hotels/38000000/37240000/37240000/37239985/26f39767_s.jpg')	Именованные аргументы
функция add_answer завершилась успешно
Вызывается функция <function add_answer at 0x000001A138C39B80>	Позиционные аргументы(69, 1192679520, 2, 'Хостел Hunter', '1,500 RUB', '3,3 км', 'ул. Гагарина, 42', 'https://ru.hotels.com/ho1192679520/?q-check-in=25-02-2022&q-check-out=28-02-2022&q-rooms=1&q-room-0-adults=1&q-room-0-children=0', 2, 'https://exp.cdn-hotels.com/hotels/38000000/37240000/37240000/37239985/d4a12e0c_s.jpg')	Именованные аргументы
функция add_answer завершилась успешно
Вызывается функция <function add_answer at 0x000001A138C39B80>	Позиционные аргументы(69, 1480076960, 2, 'Апартаменты «Петровские» на Савиных, 4А', '5,535 RUB', '5,1 км', 'ул. Савиных, 4А', 'https://ru.hotels.com/ho1480076960/?q-check-in=25-02-2022&q-check-out=28-02-2022&q-rooms=1&q-room-0-adults=1&q-room-0-children=0', 2, 'https://exp.cdn-hotels.com/hotels/47000000/46230000/46221200/46221155/963a2e5e_s.jpg')	Именованные аргументы
функция add_answer завершилась успешно
Вызывается функция <function add_answer at 0x000001A138C39B80>	Позиционные аргументы(69, 1480076960, 2, 'Апартаменты «Петровские» на Савиных, 4А', '5,535 RUB', '5,1 км', 'ул. Савиных, 4А', 'https://ru.hotels.com/ho1480076960/?q-check-in=25-02-2022&q-check-out=28-02-2022&q-rooms=1&q-room-0-adults=1&q-room-0-children=0', 2, 'https://exp.cdn-hotels.com/hotels/47000000/46230000/46221200/46221155/e571ef10_s.jpg')	Именованные аргументы
функция add_answer завершилась успешно
Вызывается функция <function get_answer at 0x000001A138C3EC10>	Позиционные аргументы(<utils.Users object at 0x000001A138C991C0>,)	Именованные аргументы
функция get_answer завершилась успешно
Вызывается функция <function get_photo at 0x000001A138C3EAF0>	Позиционные аргументы(<telebot.types.Message object at 0x000001A138C20A00>,)	Именованные аргументы
функция get_photo завершилась успешно
